Performing C++ SOURCE FILE Test HAVE_PRAGMA_OMP_SIMD failed with the following output:
Change Dir: /home/kushal/Documents/matrixlib_braincorps/CMakeFiles/CMakeTmp

Run Build Command:/usr/bin/make "cmTryCompileExec712156461/fast"
/usr/bin/make -f CMakeFiles/cmTryCompileExec712156461.dir/build.make CMakeFiles/cmTryCompileExec712156461.dir/build
make[1]: Entering directory `/home/kushal/Documents/matrixlib_braincorps/CMakeFiles/CMakeTmp'
/usr/bin/cmake -E cmake_progress_report /home/kushal/Documents/matrixlib_braincorps/CMakeFiles/CMakeTmp/CMakeFiles 1
Building CXX object CMakeFiles/cmTryCompileExec712156461.dir/src.cxx.o
/usr/bin/c++    -DHAVE_PRAGMA_OMP_SIMD -fopenmp-simd   -fopenmp-simd -o CMakeFiles/cmTryCompileExec712156461.dir/src.cxx.o -c /home/kushal/Documents/matrixlib_braincorps/CMakeFiles/CMakeTmp/src.cxx
c++: error: unrecognized command line option '-fopenmp-simd'
c++: error: unrecognized command line option '-fopenmp-simd'
make[1]: Leaving directory `/home/kushal/Documents/matrixlib_braincorps/CMakeFiles/CMakeTmp'
make[1]: *** [CMakeFiles/cmTryCompileExec712156461.dir/src.cxx.o] Error 1
make: *** [cmTryCompileExec712156461/fast] Error 2

Source file was:
int main() { return 0;}
Determining if the pthread_create exist failed with the following output:
Change Dir: /home/kushal/Documents/matrixlib_braincorps/CMakeFiles/CMakeTmp

Run Build Command:/usr/bin/make "cmTryCompileExec2009281904/fast"
/usr/bin/make -f CMakeFiles/cmTryCompileExec2009281904.dir/build.make CMakeFiles/cmTryCompileExec2009281904.dir/build
make[1]: Entering directory `/home/kushal/Documents/matrixlib_braincorps/CMakeFiles/CMakeTmp'
/usr/bin/cmake -E cmake_progress_report /home/kushal/Documents/matrixlib_braincorps/CMakeFiles/CMakeTmp/CMakeFiles 1
Building C object CMakeFiles/cmTryCompileExec2009281904.dir/CheckSymbolExists.c.o
/usr/bin/cc    -o CMakeFiles/cmTryCompileExec2009281904.dir/CheckSymbolExists.c.o   -c /home/kushal/Documents/matrixlib_braincorps/CMakeFiles/CMakeTmp/CheckSymbolExists.c
Linking C executable cmTryCompileExec2009281904
/usr/bin/cmake -E cmake_link_script CMakeFiles/cmTryCompileExec2009281904.dir/link.txt --verbose=1
/usr/bin/cc       CMakeFiles/cmTryCompileExec2009281904.dir/CheckSymbolExists.c.o  -o cmTryCompileExec2009281904 -rdynamic 
CMakeFiles/cmTryCompileExec2009281904.dir/CheckSymbolExists.c.o: In function `main':
CheckSymbolExists.c:(.text+0x16): undefined reference to `pthread_create'
collect2: error: ld returned 1 exit status
make[1]: *** [cmTryCompileExec2009281904] Error 1
make[1]: Leaving directory `/home/kushal/Documents/matrixlib_braincorps/CMakeFiles/CMakeTmp'
make: *** [cmTryCompileExec2009281904/fast] Error 2

File /home/kushal/Documents/matrixlib_braincorps/CMakeFiles/CMakeTmp/CheckSymbolExists.c:
/* */
#include <pthread.h>

int main(int argc, char** argv)
{
  (void)argv;
#ifndef pthread_create
  return ((int*)(&pthread_create))[argc];
#else
  (void)argc;
  return 0;
#endif
}

Determining if the function pthread_create exists in the pthreads failed with the following output:
Change Dir: /home/kushal/Documents/matrixlib_braincorps/CMakeFiles/CMakeTmp

Run Build Command:/usr/bin/make "cmTryCompileExec3892739446/fast"
/usr/bin/make -f CMakeFiles/cmTryCompileExec3892739446.dir/build.make CMakeFiles/cmTryCompileExec3892739446.dir/build
make[1]: Entering directory `/home/kushal/Documents/matrixlib_braincorps/CMakeFiles/CMakeTmp'
/usr/bin/cmake -E cmake_progress_report /home/kushal/Documents/matrixlib_braincorps/CMakeFiles/CMakeTmp/CMakeFiles 1
Building C object CMakeFiles/cmTryCompileExec3892739446.dir/CheckFunctionExists.c.o
/usr/bin/cc   -DCHECK_FUNCTION_EXISTS=pthread_create   -o CMakeFiles/cmTryCompileExec3892739446.dir/CheckFunctionExists.c.o   -c /usr/share/cmake-2.8/Modules/CheckFunctionExists.c
Linking C executable cmTryCompileExec3892739446
/usr/bin/cmake -E cmake_link_script CMakeFiles/cmTryCompileExec3892739446.dir/link.txt --verbose=1
/usr/bin/cc   -DCHECK_FUNCTION_EXISTS=pthread_create    CMakeFiles/cmTryCompileExec3892739446.dir/CheckFunctionExists.c.o  -o cmTryCompileExec3892739446 -rdynamic -lpthreads 
/usr/bin/ld: cannot find -lpthreads
collect2: error: ld returned 1 exit status
make[1]: *** [cmTryCompileExec3892739446] Error 1
make[1]: Leaving directory `/home/kushal/Documents/matrixlib_braincorps/CMakeFiles/CMakeTmp'
make: *** [cmTryCompileExec3892739446/fast] Error 2


